<?xml version="1.0" encoding="UTF-8"?>
<!-- Generated by org.testng.reporters.JUnitXMLReporter -->
<testsuite hostname="PC370013" ignored="0" name="PerfectChannelAdminTest-Run2" tests="1" failures="1" timestamp="21 Feb 2018 09:18:55 GMT" time="6.337" errors="0">
  <testcase name="executeTest" time="0.018" classname="com.mop.qa.test.perfectChannel.PerfectChannelAdminTest">
    <failure type="java.lang.Exception" message="java.lang.NullPointerException Exception on Verified webelement">
      <![CDATA[java.lang.Exception: java.lang.NullPointerException Exception on Verified webelement
	at com.mop.qa.testbase.PageBase.enterText(PageBase.java:2042)
	at com.mop.qa.pageobject.PerfectChannelHomePage.login(PerfectChannelHomePage.java:41)
	at com.mop.qa.test.perfectChannel.PerfectChannelAdminTest.executeTest(PerfectChannelAdminTest.java:16)
	at com.mop.qa.testrunner.TestRunner.testRun(TestRunner.java:166)
... Removed 47 stack frames]]>
    </failure>
  </testcase> <!-- executeTest -->
</testsuite> <!-- PerfectChannelAdminTest-Run2 -->
