<?xml version="1.0" encoding="UTF-8"?>
<!-- Generated by org.testng.reporters.JUnitXMLReporter -->
<testsuite hostname="PC354000" name="Test_CNN_PC-Run1" tests="1" failures="0" timestamp="30 Jan 2018 11:10:14 GMT" time="0.018" errors="0">
  <testcase name="@BeforeTest startTestReport" time="0.0" classname="com.mop.qa.test.bvt.Test_CNN_PC">
    <failure type="java.lang.UnsatisfiedLinkError" message="no opencv_java320 in java.library.path">
      <![CDATA[java.lang.UnsatisfiedLinkError: no opencv_java320 in java.library.path
	at java.lang.ClassLoader.loadLibrary(Unknown Source)
	at java.lang.Runtime.loadLibrary0(Unknown Source)
	at java.lang.System.loadLibrary(Unknown Source)
	at com.mop.qa.testbase.TestBase.startTestReport(TestBase.java:76)
	at java.util.concurrent.FutureTask.run(Unknown Source)
	at java.util.concurrent.ThreadPoolExecutor.runWorker(Unknown Source)
	at java.util.concurrent.ThreadPoolExecutor$Worker.run(Unknown Source)
	at java.lang.Thread.run(Unknown Source)
... Removed 14 stack frames]]>
    </failure>
  </testcase> <!-- @BeforeTest startTestReport -->
  <testcase name="@AfterTest afterTest" time="0.0" classname="com.mop.qa.test.bvt.Test_CNN_PC">
    <skipped/>
  </testcase> <!-- @AfterTest afterTest -->
  <testcase name="VideoAuto_PC" time="0.0" classname="com.mop.qa.test.bvt.Test_CNN_PC">
    <skipped/>
  </testcase> <!-- VideoAuto_PC -->
</testsuite> <!-- Test_CNN_PC-Run1 -->
