<?xml version="1.0" encoding="UTF-8"?>
<testng-results skipped="0" failed="0" total="1" passed="1">
  <reporter-output>
  </reporter-output>
  <suite name="Surefire suite" duration-ms="251827" started-at="2017-10-26T13:00:27Z" finished-at="2017-10-26T13:04:39Z">
    <groups>
    </groups>
    <test name="Surefire test" duration-ms="251827" started-at="2017-10-26T13:00:27Z" finished-at="2017-10-26T13:04:39Z">
      <class name="com.mop.qa.testrunner.TestRunner">
        <test-method status="PASS" signature="testRun()[pri:0, instance:com.mop.qa.testrunner.TestRunner@77caeb3e]" name="testRun" duration-ms="251813" started-at="2017-10-26T18:30:27Z" finished-at="2017-10-26T18:34:39Z">
          <reporter-output>
          </reporter-output>
        </test-method> <!-- testRun -->
      </class> <!-- com.mop.qa.testrunner.TestRunner -->
    </test> <!-- Surefire test -->
  </suite> <!-- Surefire suite -->
</testng-results>
